[0.015s] Invoking command in '/root/ros2_ws/build/lidar_imu_odometry': CMAKE_PREFIX_PATH=/opt/ros/humble /usr/bin/cmake --build /root/ros2_ws/build/lidar_imu_odometry -- -j10 -l10
[0.072s] [35m[1mConsolidate compiler generated dependencies of target odom_node[0m
[0.277s] [ 50%] [32mBuilding CXX object CMakeFiles/odom_node.dir/src/odom_node.cpp.o[0m
[16.920s] [100%] [32m[1mLinking CXX executable odom_node[0m
[18.279s] [100%] Built target odom_node
[18.293s] Invoked command in '/root/ros2_ws/build/lidar_imu_odometry' returned '0': CMAKE_PREFIX_PATH=/opt/ros/humble /usr/bin/cmake --build /root/ros2_ws/build/lidar_imu_odometry -- -j10 -l10
[18.304s] Invoking command in '/root/ros2_ws/build/lidar_imu_odometry': CMAKE_PREFIX_PATH=/opt/ros/humble /usr/bin/cmake --install /root/ros2_ws/build/lidar_imu_odometry
[18.309s] -- Install configuration: ""
[18.310s] -- Execute custom install script
[18.311s] -- Up-to-date symlink: /root/ros2_ws/install/lidar_imu_odometry/share/ament_index/resource_index/package_run_dependencies/lidar_imu_odometry
[18.311s] -- Up-to-date symlink: /root/ros2_ws/install/lidar_imu_odometry/share/ament_index/resource_index/parent_prefix_path/lidar_imu_odometry
[18.312s] -- Up-to-date symlink: /root/ros2_ws/install/lidar_imu_odometry/share/lidar_imu_odometry/environment/ament_prefix_path.sh
[18.312s] -- Up-to-date symlink: /root/ros2_ws/install/lidar_imu_odometry/share/lidar_imu_odometry/environment/ament_prefix_path.dsv
[18.313s] -- Up-to-date symlink: /root/ros2_ws/install/lidar_imu_odometry/share/lidar_imu_odometry/environment/path.sh
[18.313s] -- Up-to-date symlink: /root/ros2_ws/install/lidar_imu_odometry/share/lidar_imu_odometry/environment/path.dsv
[18.314s] -- Up-to-date symlink: /root/ros2_ws/install/lidar_imu_odometry/share/lidar_imu_odometry/local_setup.bash
[18.314s] -- Up-to-date symlink: /root/ros2_ws/install/lidar_imu_odometry/share/lidar_imu_odometry/local_setup.sh
[18.314s] -- Up-to-date symlink: /root/ros2_ws/install/lidar_imu_odometry/share/lidar_imu_odometry/local_setup.zsh
[18.315s] -- Up-to-date symlink: /root/ros2_ws/install/lidar_imu_odometry/share/lidar_imu_odometry/local_setup.dsv
[18.316s] -- Symlinking: /root/ros2_ws/install/lidar_imu_odometry/share/lidar_imu_odometry/package.dsv
[18.321s] -- Up-to-date symlink: /root/ros2_ws/install/lidar_imu_odometry/share/ament_index/resource_index/packages/lidar_imu_odometry
[18.322s] -- Up-to-date symlink: /root/ros2_ws/install/lidar_imu_odometry/share/lidar_imu_odometry/cmake/lidar_imu_odometryConfig.cmake
[18.322s] -- Up-to-date symlink: /root/ros2_ws/install/lidar_imu_odometry/share/lidar_imu_odometry/cmake/lidar_imu_odometryConfig-version.cmake
[18.323s] -- Up-to-date symlink: /root/ros2_ws/install/lidar_imu_odometry/share/lidar_imu_odometry/package.xml
[18.324s] -- Up-to-date symlink: /root/ros2_ws/install/lidar_imu_odometry/lib/lidar_imu_odometry/odom_node
[18.329s] Invoked command in '/root/ros2_ws/build/lidar_imu_odometry' returned '0': CMAKE_PREFIX_PATH=/opt/ros/humble /usr/bin/cmake --install /root/ros2_ws/build/lidar_imu_odometry
