[0.089s] DEBUG:colcon:Command line arguments: ['/usr/bin/colcon', 'build', '--symlink-install', '--packages-select', 'lidar_imu_odometry']
[0.089s] DEBUG:colcon:Parsed command line arguments: Namespace(log_base=None, log_level=None, verb_name='build', build_base='build', install_base='install', merge_install=False, symlink_install=True, test_result_base=None, continue_on_error=False, executor='parallel', parallel_workers=10, event_handlers=None, ignore_user_meta=False, metas=['./colcon.meta'], base_paths=['.'], packages_ignore=None, packages_ignore_regex=None, paths=None, packages_up_to=None, packages_up_to_regex=None, packages_above=None, packages_above_and_dependencies=None, packages_above_depth=None, packages_select_by_dep=None, packages_skip_by_dep=None, packages_skip_up_to=None, packages_select_build_failed=False, packages_skip_build_finished=False, packages_select_test_failures=False, packages_skip_test_passed=False, packages_select=['lidar_imu_odometry'], packages_skip=None, packages_select_regex=None, packages_skip_regex=None, packages_start=None, packages_end=None, allow_overriding=[], cmake_args=None, cmake_target=None, cmake_target_skip_unavailable=False, cmake_clean_cache=False, cmake_clean_first=False, cmake_force_configure=False, ament_cmake_args=None, catkin_cmake_args=None, catkin_skip_building_tests=False, verb_parser=<colcon_defaults.argument_parser.defaults.DefaultArgumentsDecorator object at 0xffffb523b1f0>, verb_extension=<colcon_core.verb.build.BuildVerb object at 0xffffb53eb550>, main=<bound method BuildVerb.main of <colcon_core.verb.build.BuildVerb object at 0xffffb53eb550>>)
[0.192s] Level 1:colcon.colcon_core.package_discovery:discover_packages(colcon_meta) check parameters
[0.192s] Level 1:colcon.colcon_core.package_discovery:discover_packages(recursive) check parameters
[0.192s] Level 1:colcon.colcon_core.package_discovery:discover_packages(ignore) check parameters
[0.192s] Level 1:colcon.colcon_core.package_discovery:discover_packages(path) check parameters
[0.192s] Level 1:colcon.colcon_core.package_discovery:discover_packages(colcon_meta) discover
[0.192s] Level 1:colcon.colcon_core.package_discovery:discover_packages(recursive) discover
[0.193s] INFO:colcon.colcon_core.package_discovery:Crawling recursively for packages in '/root/ros2_ws'
[0.193s] Level 1:colcon.colcon_core.package_identification:_identify(.) by extensions ['ignore', 'ignore_ament_install']
[0.193s] Level 1:colcon.colcon_core.package_identification:_identify(.) by extension 'ignore'
[0.193s] Level 1:colcon.colcon_core.package_identification:_identify(.) by extension 'ignore_ament_install'
[0.193s] Level 1:colcon.colcon_core.package_identification:_identify(.) by extensions ['colcon_pkg']
[0.194s] Level 1:colcon.colcon_core.package_identification:_identify(.) by extension 'colcon_pkg'
[0.194s] Level 1:colcon.colcon_core.package_identification:_identify(.) by extensions ['colcon_meta']
[0.194s] Level 1:colcon.colcon_core.package_identification:_identify(.) by extension 'colcon_meta'
[0.194s] Level 1:colcon.colcon_core.package_identification:_identify(.) by extensions ['ros']
[0.194s] Level 1:colcon.colcon_core.package_identification:_identify(.) by extension 'ros'
[0.213s] Level 1:colcon.colcon_core.package_identification:_identify(.) by extensions ['cmake', 'python']
[0.213s] Level 1:colcon.colcon_core.package_identification:_identify(.) by extension 'cmake'
[0.213s] Level 1:colcon.colcon_core.package_identification:_identify(.) by extension 'python'
[0.213s] Level 1:colcon.colcon_core.package_identification:_identify(.) by extensions ['python_setup_py']
[0.213s] Level 1:colcon.colcon_core.package_identification:_identify(.) by extension 'python_setup_py'
[0.213s] Level 1:colcon.colcon_core.package_identification:_identify(build) by extensions ['ignore', 'ignore_ament_install']
[0.214s] Level 1:colcon.colcon_core.package_identification:_identify(build) by extension 'ignore'
[0.214s] Level 1:colcon.colcon_core.package_identification:_identify(build) ignored
[0.214s] Level 1:colcon.colcon_core.package_identification:_identify(install) by extensions ['ignore', 'ignore_ament_install']
[0.214s] Level 1:colcon.colcon_core.package_identification:_identify(install) by extension 'ignore'
[0.214s] Level 1:colcon.colcon_core.package_identification:_identify(install) ignored
[0.215s] Level 1:colcon.colcon_core.package_identification:_identify(log) by extensions ['ignore', 'ignore_ament_install']
[0.215s] Level 1:colcon.colcon_core.package_identification:_identify(log) by extension 'ignore'
[0.215s] Level 1:colcon.colcon_core.package_identification:_identify(log) ignored
[0.215s] Level 1:colcon.colcon_core.package_identification:_identify(src) by extensions ['ignore', 'ignore_ament_install']
[0.216s] Level 1:colcon.colcon_core.package_identification:_identify(src) by extension 'ignore'
[0.216s] Level 1:colcon.colcon_core.package_identification:_identify(src) by extension 'ignore_ament_install'
[0.216s] Level 1:colcon.colcon_core.package_identification:_identify(src) by extensions ['colcon_pkg']
[0.216s] Level 1:colcon.colcon_core.package_identification:_identify(src) by extension 'colcon_pkg'
[0.216s] Level 1:colcon.colcon_core.package_identification:_identify(src) by extensions ['colcon_meta']
[0.216s] Level 1:colcon.colcon_core.package_identification:_identify(src) by extension 'colcon_meta'
[0.216s] Level 1:colcon.colcon_core.package_identification:_identify(src) by extensions ['ros']
[0.216s] Level 1:colcon.colcon_core.package_identification:_identify(src) by extension 'ros'
[0.217s] Level 1:colcon.colcon_core.package_identification:_identify(src) by extensions ['cmake', 'python']
[0.217s] Level 1:colcon.colcon_core.package_identification:_identify(src) by extension 'cmake'
[0.217s] Level 1:colcon.colcon_core.package_identification:_identify(src) by extension 'python'
[0.217s] Level 1:colcon.colcon_core.package_identification:_identify(src) by extensions ['python_setup_py']
[0.217s] Level 1:colcon.colcon_core.package_identification:_identify(src) by extension 'python_setup_py'
[0.217s] Level 1:colcon.colcon_core.package_identification:_identify(src/lidar_imu_odometry) by extensions ['ignore', 'ignore_ament_install']
[0.218s] Level 1:colcon.colcon_core.package_identification:_identify(src/lidar_imu_odometry) by extension 'ignore'
[0.218s] Level 1:colcon.colcon_core.package_identification:_identify(src/lidar_imu_odometry) by extension 'ignore_ament_install'
[0.218s] Level 1:colcon.colcon_core.package_identification:_identify(src/lidar_imu_odometry) by extensions ['colcon_pkg']
[0.218s] Level 1:colcon.colcon_core.package_identification:_identify(src/lidar_imu_odometry) by extension 'colcon_pkg'
[0.218s] Level 1:colcon.colcon_core.package_identification:_identify(src/lidar_imu_odometry) by extensions ['colcon_meta']
[0.218s] Level 1:colcon.colcon_core.package_identification:_identify(src/lidar_imu_odometry) by extension 'colcon_meta'
[0.218s] Level 1:colcon.colcon_core.package_identification:_identify(src/lidar_imu_odometry) by extensions ['ros']
[0.218s] Level 1:colcon.colcon_core.package_identification:_identify(src/lidar_imu_odometry) by extension 'ros'
[0.222s] DEBUG:colcon.colcon_core.package_identification:Package 'src/lidar_imu_odometry' with type 'ros.ament_cmake' and name 'lidar_imu_odometry'
[0.222s] Level 1:colcon.colcon_core.package_discovery:discover_packages(recursive) using defaults
[0.222s] Level 1:colcon.colcon_core.package_discovery:discover_packages(ignore) discover
[0.222s] Level 1:colcon.colcon_core.package_discovery:discover_packages(ignore) using defaults
[0.222s] Level 1:colcon.colcon_core.package_discovery:discover_packages(path) discover
[0.222s] Level 1:colcon.colcon_core.package_discovery:discover_packages(path) using defaults
[0.243s] Level 1:colcon.colcon_core.package_discovery:discover_packages(prefix_path) check parameters
[0.243s] Level 1:colcon.colcon_core.package_discovery:discover_packages(prefix_path) discover
[0.246s] DEBUG:colcon.colcon_installed_package_information.package_discovery:Found 311 installed packages in /opt/ros/humble
[0.247s] Level 1:colcon.colcon_core.package_discovery:discover_packages(prefix_path) using defaults
[0.280s] Level 5:colcon.colcon_core.verb:set package 'lidar_imu_odometry' build argument 'cmake_args' from command line to 'None'
[0.280s] Level 5:colcon.colcon_core.verb:set package 'lidar_imu_odometry' build argument 'cmake_target' from command line to 'None'
[0.280s] Level 5:colcon.colcon_core.verb:set package 'lidar_imu_odometry' build argument 'cmake_target_skip_unavailable' from command line to 'False'
[0.280s] Level 5:colcon.colcon_core.verb:set package 'lidar_imu_odometry' build argument 'cmake_clean_cache' from command line to 'False'
[0.280s] Level 5:colcon.colcon_core.verb:set package 'lidar_imu_odometry' build argument 'cmake_clean_first' from command line to 'False'
[0.280s] Level 5:colcon.colcon_core.verb:set package 'lidar_imu_odometry' build argument 'cmake_force_configure' from command line to 'False'
[0.280s] Level 5:colcon.colcon_core.verb:set package 'lidar_imu_odometry' build argument 'ament_cmake_args' from command line to 'None'
[0.280s] Level 5:colcon.colcon_core.verb:set package 'lidar_imu_odometry' build argument 'catkin_cmake_args' from command line to 'None'
[0.280s] Level 5:colcon.colcon_core.verb:set package 'lidar_imu_odometry' build argument 'catkin_skip_building_tests' from command line to 'False'
[0.281s] DEBUG:colcon.colcon_core.verb:Building package 'lidar_imu_odometry' with the following arguments: {'ament_cmake_args': None, 'build_base': '/root/ros2_ws/build/lidar_imu_odometry', 'catkin_cmake_args': None, 'catkin_skip_building_tests': False, 'cmake_args': None, 'cmake_clean_cache': False, 'cmake_clean_first': False, 'cmake_force_configure': False, 'cmake_target': None, 'cmake_target_skip_unavailable': False, 'install_base': '/root/ros2_ws/install/lidar_imu_odometry', 'merge_install': False, 'path': '/root/ros2_ws/src/lidar_imu_odometry', 'symlink_install': True, 'test_result_base': None}
[0.281s] INFO:colcon.colcon_core.executor:Executing jobs using 'parallel' executor
[0.281s] DEBUG:colcon.colcon_parallel_executor.executor.parallel:run_until_complete
[0.282s] INFO:colcon.colcon_ros.task.ament_cmake.build:Building ROS package in '/root/ros2_ws/src/lidar_imu_odometry' with build type 'ament_cmake'
[0.282s] INFO:colcon.colcon_cmake.task.cmake.build:Building CMake package in '/root/ros2_ws/src/lidar_imu_odometry'
[0.284s] INFO:colcon.colcon_core.plugin_system:Skipping extension 'colcon_core.shell.bat': Not used on non-Windows systems
[0.284s] INFO:colcon.colcon_core.shell:Skip shell extension 'powershell' for command environment: Not usable outside of PowerShell
[0.284s] DEBUG:colcon.colcon_core.shell:Skip shell extension 'dsv' for command environment
[0.299s] DEBUG:colcon.colcon_core.event_handler.log_command:Invoking command in '/root/ros2_ws/build/lidar_imu_odometry': CMAKE_PREFIX_PATH=/opt/ros/humble /usr/bin/cmake --build /root/ros2_ws/build/lidar_imu_odometry -- -j10 -l10
[18.622s] DEBUG:colcon.colcon_core.event_handler.log_command:Invoked command in '/root/ros2_ws/build/lidar_imu_odometry' returned '0': CMAKE_PREFIX_PATH=/opt/ros/humble /usr/bin/cmake --build /root/ros2_ws/build/lidar_imu_odometry -- -j10 -l10
[18.633s] DEBUG:colcon.colcon_core.event_handler.log_command:Invoking command in '/root/ros2_ws/build/lidar_imu_odometry': CMAKE_PREFIX_PATH=/opt/ros/humble /usr/bin/cmake --install /root/ros2_ws/build/lidar_imu_odometry
[18.657s] Level 1:colcon.colcon_core.environment:create_environment_scripts_only(lidar_imu_odometry)
[18.659s] DEBUG:colcon.colcon_core.event_handler.log_command:Invoked command in '/root/ros2_ws/build/lidar_imu_odometry' returned '0': CMAKE_PREFIX_PATH=/opt/ros/humble /usr/bin/cmake --install /root/ros2_ws/build/lidar_imu_odometry
[18.660s] Level 1:colcon.colcon_core.environment:checking '/root/ros2_ws/install/lidar_imu_odometry' for CMake module files
[18.665s] Level 1:colcon.colcon_core.environment:checking '/root/ros2_ws/install/lidar_imu_odometry' for CMake config files
[18.666s] Level 1:colcon.colcon_core.shell:create_environment_hook('lidar_imu_odometry', 'cmake_prefix_path')
[18.667s] INFO:colcon.colcon_core.shell:Creating environment hook '/root/ros2_ws/install/lidar_imu_odometry/share/lidar_imu_odometry/hook/cmake_prefix_path.ps1'
[18.668s] INFO:colcon.colcon_core.shell:Creating environment descriptor '/root/ros2_ws/install/lidar_imu_odometry/share/lidar_imu_odometry/hook/cmake_prefix_path.dsv'
[18.669s] INFO:colcon.colcon_core.shell:Creating environment hook '/root/ros2_ws/install/lidar_imu_odometry/share/lidar_imu_odometry/hook/cmake_prefix_path.sh'
[18.670s] Level 1:colcon.colcon_core.environment:checking '/root/ros2_ws/install/lidar_imu_odometry/lib'
[18.670s] Level 1:colcon.colcon_core.environment:checking '/root/ros2_ws/install/lidar_imu_odometry/bin'
[18.670s] Level 1:colcon.colcon_core.environment:checking '/root/ros2_ws/install/lidar_imu_odometry/lib/pkgconfig/lidar_imu_odometry.pc'
[18.671s] Level 1:colcon.colcon_core.environment:checking '/root/ros2_ws/install/lidar_imu_odometry/lib/python3.10/site-packages'
[18.671s] Level 1:colcon.colcon_core.environment:checking '/root/ros2_ws/install/lidar_imu_odometry/bin'
[18.671s] INFO:colcon.colcon_core.shell:Creating package script '/root/ros2_ws/install/lidar_imu_odometry/share/lidar_imu_odometry/package.ps1'
[18.672s] INFO:colcon.colcon_core.shell:Creating package descriptor '/root/ros2_ws/install/lidar_imu_odometry/share/lidar_imu_odometry/package.dsv'
[18.673s] INFO:colcon.colcon_core.shell:Creating package script '/root/ros2_ws/install/lidar_imu_odometry/share/lidar_imu_odometry/package.sh'
[18.674s] INFO:colcon.colcon_core.shell:Creating package script '/root/ros2_ws/install/lidar_imu_odometry/share/lidar_imu_odometry/package.bash'
[18.674s] INFO:colcon.colcon_core.shell:Creating package script '/root/ros2_ws/install/lidar_imu_odometry/share/lidar_imu_odometry/package.zsh'
[18.675s] Level 1:colcon.colcon_core.environment:create_file_with_runtime_dependencies(/root/ros2_ws/install/lidar_imu_odometry/share/colcon-core/packages/lidar_imu_odometry)
[18.677s] Level 1:colcon.colcon_core.environment:create_environment_scripts_only(lidar_imu_odometry)
[18.677s] Level 1:colcon.colcon_core.environment:checking '/root/ros2_ws/install/lidar_imu_odometry' for CMake module files
[18.679s] Level 1:colcon.colcon_core.environment:checking '/root/ros2_ws/install/lidar_imu_odometry' for CMake config files
[18.680s] Level 1:colcon.colcon_core.shell:create_environment_hook('lidar_imu_odometry', 'cmake_prefix_path')
[18.680s] INFO:colcon.colcon_core.shell:Creating environment hook '/root/ros2_ws/install/lidar_imu_odometry/share/lidar_imu_odometry/hook/cmake_prefix_path.ps1'
[18.680s] INFO:colcon.colcon_core.shell:Creating environment descriptor '/root/ros2_ws/install/lidar_imu_odometry/share/lidar_imu_odometry/hook/cmake_prefix_path.dsv'
[18.681s] INFO:colcon.colcon_core.shell:Creating environment hook '/root/ros2_ws/install/lidar_imu_odometry/share/lidar_imu_odometry/hook/cmake_prefix_path.sh'
[18.682s] Level 1:colcon.colcon_core.environment:checking '/root/ros2_ws/install/lidar_imu_odometry/lib'
[18.682s] Level 1:colcon.colcon_core.environment:checking '/root/ros2_ws/install/lidar_imu_odometry/bin'
[18.682s] Level 1:colcon.colcon_core.environment:checking '/root/ros2_ws/install/lidar_imu_odometry/lib/pkgconfig/lidar_imu_odometry.pc'
[18.682s] Level 1:colcon.colcon_core.environment:checking '/root/ros2_ws/install/lidar_imu_odometry/lib/python3.10/site-packages'
[18.682s] Level 1:colcon.colcon_core.environment:checking '/root/ros2_ws/install/lidar_imu_odometry/bin'
[18.683s] INFO:colcon.colcon_core.shell:Creating package script '/root/ros2_ws/install/lidar_imu_odometry/share/lidar_imu_odometry/package.ps1'
[18.683s] INFO:colcon.colcon_core.shell:Creating package descriptor '/root/ros2_ws/install/lidar_imu_odometry/share/lidar_imu_odometry/package.dsv'
[18.684s] INFO:colcon.colcon_core.shell:Creating package script '/root/ros2_ws/install/lidar_imu_odometry/share/lidar_imu_odometry/package.sh'
[18.684s] INFO:colcon.colcon_core.shell:Creating package script '/root/ros2_ws/install/lidar_imu_odometry/share/lidar_imu_odometry/package.bash'
[18.685s] INFO:colcon.colcon_core.shell:Creating package script '/root/ros2_ws/install/lidar_imu_odometry/share/lidar_imu_odometry/package.zsh'
[18.686s] Level 1:colcon.colcon_core.environment:create_file_with_runtime_dependencies(/root/ros2_ws/install/lidar_imu_odometry/share/colcon-core/packages/lidar_imu_odometry)
[18.686s] DEBUG:colcon.colcon_parallel_executor.executor.parallel:closing loop
[18.686s] DEBUG:colcon.colcon_parallel_executor.executor.parallel:loop closed
[18.686s] DEBUG:colcon.colcon_parallel_executor.executor.parallel:run_until_complete finished with '0'
[18.687s] DEBUG:colcon.colcon_core.event_reactor:joining thread
[18.693s] INFO:colcon.colcon_core.plugin_system:Skipping extension 'colcon_notification.desktop_notification.terminal_notifier': Not used on non-Darwin systems
[18.693s] INFO:colcon.colcon_core.plugin_system:Skipping extension 'colcon_notification.desktop_notification.win32': Not used on non-Windows systems
[18.694s] INFO:colcon.colcon_notification.desktop_notification:Sending desktop notification using 'notify2'
[18.739s] DEBUG:colcon.colcon_core.event_reactor:joined thread
[18.741s] INFO:colcon.colcon_core.shell:Creating prefix script '/root/ros2_ws/install/local_setup.ps1'
[18.743s] INFO:colcon.colcon_core.shell:Creating prefix util module '/root/ros2_ws/install/_local_setup_util_ps1.py'
[18.745s] INFO:colcon.colcon_core.shell:Creating prefix chain script '/root/ros2_ws/install/setup.ps1'
[18.747s] INFO:colcon.colcon_core.shell:Creating prefix script '/root/ros2_ws/install/local_setup.sh'
[18.748s] INFO:colcon.colcon_core.shell:Creating prefix util module '/root/ros2_ws/install/_local_setup_util_sh.py'
[18.748s] INFO:colcon.colcon_core.shell:Creating prefix chain script '/root/ros2_ws/install/setup.sh'
[18.750s] INFO:colcon.colcon_core.shell:Creating prefix script '/root/ros2_ws/install/local_setup.bash'
[18.751s] INFO:colcon.colcon_core.shell:Creating prefix chain script '/root/ros2_ws/install/setup.bash'
[18.752s] INFO:colcon.colcon_core.shell:Creating prefix script '/root/ros2_ws/install/local_setup.zsh'
[18.753s] INFO:colcon.colcon_core.shell:Creating prefix chain script '/root/ros2_ws/install/setup.zsh'
