[0.011s] Invoking command in '/root/ros2_ws/build/lidar_imu_odometry': CMAKE_PREFIX_PATH=/opt/ros/humble /usr/bin/cmake --build /root/ros2_ws/build/lidar_imu_odometry -- -j10 -l10
[0.072s] [35m[1mConsolidate compiler generated dependencies of target odom_node[0m
[0.277s] [100%] Built target odom_node
[0.287s] Invoked command in '/root/ros2_ws/build/lidar_imu_odometry' returned '0': CMAKE_PREFIX_PATH=/opt/ros/humble /usr/bin/cmake --build /root/ros2_ws/build/lidar_imu_odometry -- -j10 -l10
[0.302s] Invoking command in '/root/ros2_ws/build/lidar_imu_odometry': CMAKE_PREFIX_PATH=/opt/ros/humble /usr/bin/cmake --install /root/ros2_ws/build/lidar_imu_odometry
[0.309s] -- Install configuration: ""
[0.310s] -- Execute custom install script
[0.311s] -- Up-to-date symlink: /root/ros2_ws/install/lidar_imu_odometry/share/ament_index/resource_index/package_run_dependencies/lidar_imu_odometry
[0.311s] -- Up-to-date symlink: /root/ros2_ws/install/lidar_imu_odometry/share/ament_index/resource_index/parent_prefix_path/lidar_imu_odometry
[0.312s] -- Up-to-date symlink: /root/ros2_ws/install/lidar_imu_odometry/share/lidar_imu_odometry/environment/ament_prefix_path.sh
[0.312s] -- Up-to-date symlink: /root/ros2_ws/install/lidar_imu_odometry/share/lidar_imu_odometry/environment/ament_prefix_path.dsv
[0.313s] -- Up-to-date symlink: /root/ros2_ws/install/lidar_imu_odometry/share/lidar_imu_odometry/environment/path.sh
[0.313s] -- Up-to-date symlink: /root/ros2_ws/install/lidar_imu_odometry/share/lidar_imu_odometry/environment/path.dsv
[0.313s] -- Up-to-date symlink: /root/ros2_ws/install/lidar_imu_odometry/share/lidar_imu_odometry/local_setup.bash
[0.314s] -- Up-to-date symlink: /root/ros2_ws/install/lidar_imu_odometry/share/lidar_imu_odometry/local_setup.sh
[0.314s] -- Up-to-date symlink: /root/ros2_ws/install/lidar_imu_odometry/share/lidar_imu_odometry/local_setup.zsh
[0.314s] -- Up-to-date symlink: /root/ros2_ws/install/lidar_imu_odometry/share/lidar_imu_odometry/local_setup.dsv
[0.315s] -- Symlinking: /root/ros2_ws/install/lidar_imu_odometry/share/lidar_imu_odometry/package.dsv
[0.322s] -- Up-to-date symlink: /root/ros2_ws/install/lidar_imu_odometry/share/ament_index/resource_index/packages/lidar_imu_odometry
[0.322s] -- Up-to-date symlink: /root/ros2_ws/install/lidar_imu_odometry/share/lidar_imu_odometry/cmake/lidar_imu_odometryConfig.cmake
[0.322s] -- Up-to-date symlink: /root/ros2_ws/install/lidar_imu_odometry/share/lidar_imu_odometry/cmake/lidar_imu_odometryConfig-version.cmake
[0.323s] -- Up-to-date symlink: /root/ros2_ws/install/lidar_imu_odometry/share/lidar_imu_odometry/package.xml
[0.324s] -- Up-to-date symlink: /root/ros2_ws/install/lidar_imu_odometry/lib/lidar_imu_odometry/odom_node
[0.327s] Invoked command in '/root/ros2_ws/build/lidar_imu_odometry' returned '0': CMAKE_PREFIX_PATH=/opt/ros/humble /usr/bin/cmake --install /root/ros2_ws/build/lidar_imu_odometry
