[0.068s] DEBUG:colcon:Command line arguments: ['/usr/bin/colcon', 'build', '--symlink-install', '--packages-select', 'lidar_imu_odometry']
[0.068s] DEBUG:colcon:Parsed command line arguments: Namespace(log_base=None, log_level=None, verb_name='build', build_base='build', install_base='install', merge_install=False, symlink_install=True, test_result_base=None, continue_on_error=False, executor='parallel', parallel_workers=10, event_handlers=None, ignore_user_meta=False, metas=['./colcon.meta'], base_paths=['.'], packages_ignore=None, packages_ignore_regex=None, paths=None, packages_up_to=None, packages_up_to_regex=None, packages_above=None, packages_above_and_dependencies=None, packages_above_depth=None, packages_select_by_dep=None, packages_skip_by_dep=None, packages_skip_up_to=None, packages_select_build_failed=False, packages_skip_build_finished=False, packages_select_test_failures=False, packages_skip_test_passed=False, packages_select=['lidar_imu_odometry'], packages_skip=None, packages_select_regex=None, packages_skip_regex=None, packages_start=None, packages_end=None, allow_overriding=[], cmake_args=None, cmake_target=None, cmake_target_skip_unavailable=False, cmake_clean_cache=False, cmake_clean_first=False, cmake_force_configure=False, ament_cmake_args=None, catkin_cmake_args=None, catkin_skip_building_tests=False, verb_parser=<colcon_defaults.argument_parser.defaults.DefaultArgumentsDecorator object at 0xffff8c6db1f0>, verb_extension=<colcon_core.verb.build.BuildVerb object at 0xffff8c81b550>, main=<bound method BuildVerb.main of <colcon_core.verb.build.BuildVerb object at 0xffff8c81b550>>)
[0.141s] Level 1:colcon.colcon_core.package_discovery:discover_packages(colcon_meta) check parameters
[0.141s] Level 1:colcon.colcon_core.package_discovery:discover_packages(recursive) check parameters
[0.141s] Level 1:colcon.colcon_core.package_discovery:discover_packages(ignore) check parameters
[0.142s] Level 1:colcon.colcon_core.package_discovery:discover_packages(path) check parameters
[0.142s] Level 1:colcon.colcon_core.package_discovery:discover_packages(colcon_meta) discover
[0.142s] Level 1:colcon.colcon_core.package_discovery:discover_packages(recursive) discover
[0.142s] INFO:colcon.colcon_core.package_discovery:Crawling recursively for packages in '/root/ros2_ws'
[0.142s] Level 1:colcon.colcon_core.package_identification:_identify(.) by extensions ['ignore', 'ignore_ament_install']
[0.142s] Level 1:colcon.colcon_core.package_identification:_identify(.) by extension 'ignore'
[0.142s] Level 1:colcon.colcon_core.package_identification:_identify(.) by extension 'ignore_ament_install'
[0.142s] Level 1:colcon.colcon_core.package_identification:_identify(.) by extensions ['colcon_pkg']
[0.142s] Level 1:colcon.colcon_core.package_identification:_identify(.) by extension 'colcon_pkg'
[0.142s] Level 1:colcon.colcon_core.package_identification:_identify(.) by extensions ['colcon_meta']
[0.142s] Level 1:colcon.colcon_core.package_identification:_identify(.) by extension 'colcon_meta'
[0.143s] Level 1:colcon.colcon_core.package_identification:_identify(.) by extensions ['ros']
[0.143s] Level 1:colcon.colcon_core.package_identification:_identify(.) by extension 'ros'
[0.157s] Level 1:colcon.colcon_core.package_identification:_identify(.) by extensions ['cmake', 'python']
[0.157s] Level 1:colcon.colcon_core.package_identification:_identify(.) by extension 'cmake'
[0.157s] Level 1:colcon.colcon_core.package_identification:_identify(.) by extension 'python'
[0.158s] Level 1:colcon.colcon_core.package_identification:_identify(.) by extensions ['python_setup_py']
[0.158s] Level 1:colcon.colcon_core.package_identification:_identify(.) by extension 'python_setup_py'
[0.158s] Level 1:colcon.colcon_core.package_identification:_identify(build) by extensions ['ignore', 'ignore_ament_install']
[0.158s] Level 1:colcon.colcon_core.package_identification:_identify(build) by extension 'ignore'
[0.158s] Level 1:colcon.colcon_core.package_identification:_identify(build) ignored
[0.158s] Level 1:colcon.colcon_core.package_identification:_identify(install) by extensions ['ignore', 'ignore_ament_install']
[0.158s] Level 1:colcon.colcon_core.package_identification:_identify(install) by extension 'ignore'
[0.158s] Level 1:colcon.colcon_core.package_identification:_identify(install) ignored
[0.159s] Level 1:colcon.colcon_core.package_identification:_identify(log) by extensions ['ignore', 'ignore_ament_install']
[0.159s] Level 1:colcon.colcon_core.package_identification:_identify(log) by extension 'ignore'
[0.159s] Level 1:colcon.colcon_core.package_identification:_identify(log) ignored
[0.159s] Level 1:colcon.colcon_core.package_identification:_identify(src) by extensions ['ignore', 'ignore_ament_install']
[0.160s] Level 1:colcon.colcon_core.package_identification:_identify(src) by extension 'ignore'
[0.160s] Level 1:colcon.colcon_core.package_identification:_identify(src) by extension 'ignore_ament_install'
[0.160s] Level 1:colcon.colcon_core.package_identification:_identify(src) by extensions ['colcon_pkg']
[0.160s] Level 1:colcon.colcon_core.package_identification:_identify(src) by extension 'colcon_pkg'
[0.160s] Level 1:colcon.colcon_core.package_identification:_identify(src) by extensions ['colcon_meta']
[0.160s] Level 1:colcon.colcon_core.package_identification:_identify(src) by extension 'colcon_meta'
[0.160s] Level 1:colcon.colcon_core.package_identification:_identify(src) by extensions ['ros']
[0.160s] Level 1:colcon.colcon_core.package_identification:_identify(src) by extension 'ros'
[0.160s] Level 1:colcon.colcon_core.package_identification:_identify(src) by extensions ['cmake', 'python']
[0.160s] Level 1:colcon.colcon_core.package_identification:_identify(src) by extension 'cmake'
[0.160s] Level 1:colcon.colcon_core.package_identification:_identify(src) by extension 'python'
[0.160s] Level 1:colcon.colcon_core.package_identification:_identify(src) by extensions ['python_setup_py']
[0.160s] Level 1:colcon.colcon_core.package_identification:_identify(src) by extension 'python_setup_py'
[0.161s] Level 1:colcon.colcon_core.package_identification:_identify(src/lidar_imu_odometry) by extensions ['ignore', 'ignore_ament_install']
[0.161s] Level 1:colcon.colcon_core.package_identification:_identify(src/lidar_imu_odometry) by extension 'ignore'
[0.161s] Level 1:colcon.colcon_core.package_identification:_identify(src/lidar_imu_odometry) by extension 'ignore_ament_install'
[0.161s] Level 1:colcon.colcon_core.package_identification:_identify(src/lidar_imu_odometry) by extensions ['colcon_pkg']
[0.161s] Level 1:colcon.colcon_core.package_identification:_identify(src/lidar_imu_odometry) by extension 'colcon_pkg'
[0.161s] Level 1:colcon.colcon_core.package_identification:_identify(src/lidar_imu_odometry) by extensions ['colcon_meta']
[0.161s] Level 1:colcon.colcon_core.package_identification:_identify(src/lidar_imu_odometry) by extension 'colcon_meta'
[0.161s] Level 1:colcon.colcon_core.package_identification:_identify(src/lidar_imu_odometry) by extensions ['ros']
[0.161s] Level 1:colcon.colcon_core.package_identification:_identify(src/lidar_imu_odometry) by extension 'ros'
[0.163s] DEBUG:colcon.colcon_core.package_identification:Package 'src/lidar_imu_odometry' with type 'ros.ament_cmake' and name 'lidar_imu_odometry'
[0.163s] Level 1:colcon.colcon_core.package_discovery:discover_packages(recursive) using defaults
[0.163s] Level 1:colcon.colcon_core.package_discovery:discover_packages(ignore) discover
[0.163s] Level 1:colcon.colcon_core.package_discovery:discover_packages(ignore) using defaults
[0.163s] Level 1:colcon.colcon_core.package_discovery:discover_packages(path) discover
[0.163s] Level 1:colcon.colcon_core.package_discovery:discover_packages(path) using defaults
[0.178s] Level 1:colcon.colcon_core.package_discovery:discover_packages(prefix_path) check parameters
[0.178s] Level 1:colcon.colcon_core.package_discovery:discover_packages(prefix_path) discover
[0.180s] DEBUG:colcon.colcon_installed_package_information.package_discovery:Found 311 installed packages in /opt/ros/humble
[0.181s] Level 1:colcon.colcon_core.package_discovery:discover_packages(prefix_path) using defaults
[0.203s] Level 5:colcon.colcon_core.verb:set package 'lidar_imu_odometry' build argument 'cmake_args' from command line to 'None'
[0.203s] Level 5:colcon.colcon_core.verb:set package 'lidar_imu_odometry' build argument 'cmake_target' from command line to 'None'
[0.203s] Level 5:colcon.colcon_core.verb:set package 'lidar_imu_odometry' build argument 'cmake_target_skip_unavailable' from command line to 'False'
[0.203s] Level 5:colcon.colcon_core.verb:set package 'lidar_imu_odometry' build argument 'cmake_clean_cache' from command line to 'False'
[0.203s] Level 5:colcon.colcon_core.verb:set package 'lidar_imu_odometry' build argument 'cmake_clean_first' from command line to 'False'
[0.203s] Level 5:colcon.colcon_core.verb:set package 'lidar_imu_odometry' build argument 'cmake_force_configure' from command line to 'False'
[0.204s] Level 5:colcon.colcon_core.verb:set package 'lidar_imu_odometry' build argument 'ament_cmake_args' from command line to 'None'
[0.204s] Level 5:colcon.colcon_core.verb:set package 'lidar_imu_odometry' build argument 'catkin_cmake_args' from command line to 'None'
[0.204s] Level 5:colcon.colcon_core.verb:set package 'lidar_imu_odometry' build argument 'catkin_skip_building_tests' from command line to 'False'
[0.204s] DEBUG:colcon.colcon_core.verb:Building package 'lidar_imu_odometry' with the following arguments: {'ament_cmake_args': None, 'build_base': '/root/ros2_ws/build/lidar_imu_odometry', 'catkin_cmake_args': None, 'catkin_skip_building_tests': False, 'cmake_args': None, 'cmake_clean_cache': False, 'cmake_clean_first': False, 'cmake_force_configure': False, 'cmake_target': None, 'cmake_target_skip_unavailable': False, 'install_base': '/root/ros2_ws/install/lidar_imu_odometry', 'merge_install': False, 'path': '/root/ros2_ws/src/lidar_imu_odometry', 'symlink_install': True, 'test_result_base': None}
[0.204s] INFO:colcon.colcon_core.executor:Executing jobs using 'parallel' executor
[0.204s] DEBUG:colcon.colcon_parallel_executor.executor.parallel:run_until_complete
[0.204s] INFO:colcon.colcon_ros.task.ament_cmake.build:Building ROS package in '/root/ros2_ws/src/lidar_imu_odometry' with build type 'ament_cmake'
[0.205s] INFO:colcon.colcon_cmake.task.cmake.build:Building CMake package in '/root/ros2_ws/src/lidar_imu_odometry'
[0.205s] INFO:colcon.colcon_core.plugin_system:Skipping extension 'colcon_core.shell.bat': Not used on non-Windows systems
[0.206s] INFO:colcon.colcon_core.shell:Skip shell extension 'powershell' for command environment: Not usable outside of PowerShell
[0.206s] DEBUG:colcon.colcon_core.shell:Skip shell extension 'dsv' for command environment
[0.216s] DEBUG:colcon.colcon_core.event_handler.log_command:Invoking command in '/root/ros2_ws/build/lidar_imu_odometry': CMAKE_PREFIX_PATH=/opt/ros/humble /usr/bin/cmake --build /root/ros2_ws/build/lidar_imu_odometry -- -j10 -l10
[11.630s] DEBUG:colcon.colcon_core.event_handler.log_command:Invoked command in '/root/ros2_ws/build/lidar_imu_odometry' returned '0': CMAKE_PREFIX_PATH=/opt/ros/humble /usr/bin/cmake --build /root/ros2_ws/build/lidar_imu_odometry -- -j10 -l10
[11.637s] DEBUG:colcon.colcon_core.event_handler.log_command:Invoking command in '/root/ros2_ws/build/lidar_imu_odometry': CMAKE_PREFIX_PATH=/opt/ros/humble /usr/bin/cmake --install /root/ros2_ws/build/lidar_imu_odometry
[11.655s] Level 1:colcon.colcon_core.environment:create_environment_scripts_only(lidar_imu_odometry)
[11.659s] Level 1:colcon.colcon_core.environment:checking '/root/ros2_ws/install/lidar_imu_odometry' for CMake module files
[11.659s] DEBUG:colcon.colcon_core.event_handler.log_command:Invoked command in '/root/ros2_ws/build/lidar_imu_odometry' returned '0': CMAKE_PREFIX_PATH=/opt/ros/humble /usr/bin/cmake --install /root/ros2_ws/build/lidar_imu_odometry
[11.663s] Level 1:colcon.colcon_core.environment:checking '/root/ros2_ws/install/lidar_imu_odometry' for CMake config files
[11.664s] Level 1:colcon.colcon_core.shell:create_environment_hook('lidar_imu_odometry', 'cmake_prefix_path')
[11.664s] INFO:colcon.colcon_core.shell:Creating environment hook '/root/ros2_ws/install/lidar_imu_odometry/share/lidar_imu_odometry/hook/cmake_prefix_path.ps1'
[11.665s] INFO:colcon.colcon_core.shell:Creating environment descriptor '/root/ros2_ws/install/lidar_imu_odometry/share/lidar_imu_odometry/hook/cmake_prefix_path.dsv'
[11.666s] INFO:colcon.colcon_core.shell:Creating environment hook '/root/ros2_ws/install/lidar_imu_odometry/share/lidar_imu_odometry/hook/cmake_prefix_path.sh'
[11.667s] Level 1:colcon.colcon_core.environment:checking '/root/ros2_ws/install/lidar_imu_odometry/lib'
[11.667s] Level 1:colcon.colcon_core.environment:checking '/root/ros2_ws/install/lidar_imu_odometry/bin'
[11.667s] Level 1:colcon.colcon_core.environment:checking '/root/ros2_ws/install/lidar_imu_odometry/lib/pkgconfig/lidar_imu_odometry.pc'
[11.667s] Level 1:colcon.colcon_core.environment:checking '/root/ros2_ws/install/lidar_imu_odometry/lib/python3.10/site-packages'
[11.667s] Level 1:colcon.colcon_core.environment:checking '/root/ros2_ws/install/lidar_imu_odometry/bin'
[11.667s] INFO:colcon.colcon_core.shell:Creating package script '/root/ros2_ws/install/lidar_imu_odometry/share/lidar_imu_odometry/package.ps1'
[11.668s] INFO:colcon.colcon_core.shell:Creating package descriptor '/root/ros2_ws/install/lidar_imu_odometry/share/lidar_imu_odometry/package.dsv'
[11.669s] INFO:colcon.colcon_core.shell:Creating package script '/root/ros2_ws/install/lidar_imu_odometry/share/lidar_imu_odometry/package.sh'
[11.669s] INFO:colcon.colcon_core.shell:Creating package script '/root/ros2_ws/install/lidar_imu_odometry/share/lidar_imu_odometry/package.bash'
[11.670s] INFO:colcon.colcon_core.shell:Creating package script '/root/ros2_ws/install/lidar_imu_odometry/share/lidar_imu_odometry/package.zsh'
[11.670s] Level 1:colcon.colcon_core.environment:create_file_with_runtime_dependencies(/root/ros2_ws/install/lidar_imu_odometry/share/colcon-core/packages/lidar_imu_odometry)
[11.671s] Level 1:colcon.colcon_core.environment:create_environment_scripts_only(lidar_imu_odometry)
[11.671s] Level 1:colcon.colcon_core.environment:checking '/root/ros2_ws/install/lidar_imu_odometry' for CMake module files
[11.673s] Level 1:colcon.colcon_core.environment:checking '/root/ros2_ws/install/lidar_imu_odometry' for CMake config files
[11.673s] Level 1:colcon.colcon_core.shell:create_environment_hook('lidar_imu_odometry', 'cmake_prefix_path')
[11.673s] INFO:colcon.colcon_core.shell:Creating environment hook '/root/ros2_ws/install/lidar_imu_odometry/share/lidar_imu_odometry/hook/cmake_prefix_path.ps1'
[11.674s] INFO:colcon.colcon_core.shell:Creating environment descriptor '/root/ros2_ws/install/lidar_imu_odometry/share/lidar_imu_odometry/hook/cmake_prefix_path.dsv'
[11.674s] INFO:colcon.colcon_core.shell:Creating environment hook '/root/ros2_ws/install/lidar_imu_odometry/share/lidar_imu_odometry/hook/cmake_prefix_path.sh'
[11.675s] Level 1:colcon.colcon_core.environment:checking '/root/ros2_ws/install/lidar_imu_odometry/lib'
[11.675s] Level 1:colcon.colcon_core.environment:checking '/root/ros2_ws/install/lidar_imu_odometry/bin'
[11.675s] Level 1:colcon.colcon_core.environment:checking '/root/ros2_ws/install/lidar_imu_odometry/lib/pkgconfig/lidar_imu_odometry.pc'
[11.675s] Level 1:colcon.colcon_core.environment:checking '/root/ros2_ws/install/lidar_imu_odometry/lib/python3.10/site-packages'
[11.675s] Level 1:colcon.colcon_core.environment:checking '/root/ros2_ws/install/lidar_imu_odometry/bin'
[11.675s] INFO:colcon.colcon_core.shell:Creating package script '/root/ros2_ws/install/lidar_imu_odometry/share/lidar_imu_odometry/package.ps1'
[11.676s] INFO:colcon.colcon_core.shell:Creating package descriptor '/root/ros2_ws/install/lidar_imu_odometry/share/lidar_imu_odometry/package.dsv'
[11.676s] INFO:colcon.colcon_core.shell:Creating package script '/root/ros2_ws/install/lidar_imu_odometry/share/lidar_imu_odometry/package.sh'
[11.676s] INFO:colcon.colcon_core.shell:Creating package script '/root/ros2_ws/install/lidar_imu_odometry/share/lidar_imu_odometry/package.bash'
[11.677s] INFO:colcon.colcon_core.shell:Creating package script '/root/ros2_ws/install/lidar_imu_odometry/share/lidar_imu_odometry/package.zsh'
[11.677s] Level 1:colcon.colcon_core.environment:create_file_with_runtime_dependencies(/root/ros2_ws/install/lidar_imu_odometry/share/colcon-core/packages/lidar_imu_odometry)
[11.677s] DEBUG:colcon.colcon_parallel_executor.executor.parallel:closing loop
[11.677s] DEBUG:colcon.colcon_parallel_executor.executor.parallel:loop closed
[11.678s] DEBUG:colcon.colcon_parallel_executor.executor.parallel:run_until_complete finished with '0'
[11.678s] DEBUG:colcon.colcon_core.event_reactor:joining thread
[11.682s] INFO:colcon.colcon_core.plugin_system:Skipping extension 'colcon_notification.desktop_notification.terminal_notifier': Not used on non-Darwin systems
[11.682s] INFO:colcon.colcon_core.plugin_system:Skipping extension 'colcon_notification.desktop_notification.win32': Not used on non-Windows systems
[11.682s] INFO:colcon.colcon_notification.desktop_notification:Sending desktop notification using 'notify2'
[11.701s] DEBUG:colcon.colcon_core.event_reactor:joined thread
[11.702s] INFO:colcon.colcon_core.shell:Creating prefix script '/root/ros2_ws/install/local_setup.ps1'
[11.704s] INFO:colcon.colcon_core.shell:Creating prefix util module '/root/ros2_ws/install/_local_setup_util_ps1.py'
[11.706s] INFO:colcon.colcon_core.shell:Creating prefix chain script '/root/ros2_ws/install/setup.ps1'
[11.707s] INFO:colcon.colcon_core.shell:Creating prefix script '/root/ros2_ws/install/local_setup.sh'
[11.708s] INFO:colcon.colcon_core.shell:Creating prefix util module '/root/ros2_ws/install/_local_setup_util_sh.py'
[11.708s] INFO:colcon.colcon_core.shell:Creating prefix chain script '/root/ros2_ws/install/setup.sh'
[11.709s] INFO:colcon.colcon_core.shell:Creating prefix script '/root/ros2_ws/install/local_setup.bash'
[11.709s] INFO:colcon.colcon_core.shell:Creating prefix chain script '/root/ros2_ws/install/setup.bash'
[11.710s] INFO:colcon.colcon_core.shell:Creating prefix script '/root/ros2_ws/install/local_setup.zsh'
[11.711s] INFO:colcon.colcon_core.shell:Creating prefix chain script '/root/ros2_ws/install/setup.zsh'
