[0.063s] DEBUG:colcon:Command line arguments: ['/usr/bin/colcon', 'build', '--packages-select', 'lidar_imu_odometry', '--symlink-install']
[0.063s] DEBUG:colcon:Parsed command line arguments: Namespace(log_base=None, log_level=None, verb_name='build', build_base='build', install_base='install', merge_install=False, symlink_install=True, test_result_base=None, continue_on_error=False, executor='parallel', parallel_workers=10, event_handlers=None, ignore_user_meta=False, metas=['./colcon.meta'], base_paths=['.'], packages_ignore=None, packages_ignore_regex=None, paths=None, packages_up_to=None, packages_up_to_regex=None, packages_above=None, packages_above_and_dependencies=None, packages_above_depth=None, packages_select_by_dep=None, packages_skip_by_dep=None, packages_skip_up_to=None, packages_select_build_failed=False, packages_skip_build_finished=False, packages_select_test_failures=False, packages_skip_test_passed=False, packages_select=['lidar_imu_odometry'], packages_skip=None, packages_select_regex=None, packages_skip_regex=None, packages_start=None, packages_end=None, allow_overriding=[], cmake_args=None, cmake_target=None, cmake_target_skip_unavailable=False, cmake_clean_cache=False, cmake_clean_first=False, cmake_force_configure=False, ament_cmake_args=None, catkin_cmake_args=None, catkin_skip_building_tests=False, verb_parser=<colcon_defaults.argument_parser.defaults.DefaultArgumentsDecorator object at 0xffff7f6fa560>, verb_extension=<colcon_core.verb.build.BuildVerb object at 0xffff7f7ef9d0>, main=<bound method BuildVerb.main of <colcon_core.verb.build.BuildVerb object at 0xffff7f7ef9d0>>)
[0.125s] Level 1:colcon.colcon_core.package_discovery:discover_packages(colcon_meta) check parameters
[0.126s] Level 1:colcon.colcon_core.package_discovery:discover_packages(recursive) check parameters
[0.126s] Level 1:colcon.colcon_core.package_discovery:discover_packages(ignore) check parameters
[0.126s] Level 1:colcon.colcon_core.package_discovery:discover_packages(path) check parameters
[0.126s] Level 1:colcon.colcon_core.package_discovery:discover_packages(colcon_meta) discover
[0.126s] Level 1:colcon.colcon_core.package_discovery:discover_packages(recursive) discover
[0.126s] INFO:colcon.colcon_core.package_discovery:Crawling recursively for packages in '/root/ros2_ws'
[0.127s] Level 1:colcon.colcon_core.package_identification:_identify(.) by extensions ['ignore', 'ignore_ament_install']
[0.127s] Level 1:colcon.colcon_core.package_identification:_identify(.) by extension 'ignore'
[0.127s] Level 1:colcon.colcon_core.package_identification:_identify(.) by extension 'ignore_ament_install'
[0.127s] Level 1:colcon.colcon_core.package_identification:_identify(.) by extensions ['colcon_pkg']
[0.127s] Level 1:colcon.colcon_core.package_identification:_identify(.) by extension 'colcon_pkg'
[0.127s] Level 1:colcon.colcon_core.package_identification:_identify(.) by extensions ['colcon_meta']
[0.127s] Level 1:colcon.colcon_core.package_identification:_identify(.) by extension 'colcon_meta'
[0.127s] Level 1:colcon.colcon_core.package_identification:_identify(.) by extensions ['ros']
[0.127s] Level 1:colcon.colcon_core.package_identification:_identify(.) by extension 'ros'
[0.145s] Level 1:colcon.colcon_core.package_identification:_identify(.) by extensions ['cmake', 'python']
[0.145s] Level 1:colcon.colcon_core.package_identification:_identify(.) by extension 'cmake'
[0.146s] Level 1:colcon.colcon_core.package_identification:_identify(.) by extension 'python'
[0.146s] Level 1:colcon.colcon_core.package_identification:_identify(.) by extensions ['python_setup_py']
[0.146s] Level 1:colcon.colcon_core.package_identification:_identify(.) by extension 'python_setup_py'
[0.146s] Level 1:colcon.colcon_core.package_identification:_identify(build) by extensions ['ignore', 'ignore_ament_install']
[0.146s] Level 1:colcon.colcon_core.package_identification:_identify(build) by extension 'ignore'
[0.147s] Level 1:colcon.colcon_core.package_identification:_identify(build) ignored
[0.147s] Level 1:colcon.colcon_core.package_identification:_identify(install) by extensions ['ignore', 'ignore_ament_install']
[0.147s] Level 1:colcon.colcon_core.package_identification:_identify(install) by extension 'ignore'
[0.147s] Level 1:colcon.colcon_core.package_identification:_identify(install) ignored
[0.148s] Level 1:colcon.colcon_core.package_identification:_identify(log) by extensions ['ignore', 'ignore_ament_install']
[0.148s] Level 1:colcon.colcon_core.package_identification:_identify(log) by extension 'ignore'
[0.148s] Level 1:colcon.colcon_core.package_identification:_identify(log) ignored
[0.148s] Level 1:colcon.colcon_core.package_identification:_identify(src) by extensions ['ignore', 'ignore_ament_install']
[0.148s] Level 1:colcon.colcon_core.package_identification:_identify(src) by extension 'ignore'
[0.149s] Level 1:colcon.colcon_core.package_identification:_identify(src) by extension 'ignore_ament_install'
[0.149s] Level 1:colcon.colcon_core.package_identification:_identify(src) by extensions ['colcon_pkg']
[0.149s] Level 1:colcon.colcon_core.package_identification:_identify(src) by extension 'colcon_pkg'
[0.149s] Level 1:colcon.colcon_core.package_identification:_identify(src) by extensions ['colcon_meta']
[0.149s] Level 1:colcon.colcon_core.package_identification:_identify(src) by extension 'colcon_meta'
[0.149s] Level 1:colcon.colcon_core.package_identification:_identify(src) by extensions ['ros']
[0.149s] Level 1:colcon.colcon_core.package_identification:_identify(src) by extension 'ros'
[0.149s] Level 1:colcon.colcon_core.package_identification:_identify(src) by extensions ['cmake', 'python']
[0.150s] Level 1:colcon.colcon_core.package_identification:_identify(src) by extension 'cmake'
[0.150s] Level 1:colcon.colcon_core.package_identification:_identify(src) by extension 'python'
[0.150s] Level 1:colcon.colcon_core.package_identification:_identify(src) by extensions ['python_setup_py']
[0.150s] Level 1:colcon.colcon_core.package_identification:_identify(src) by extension 'python_setup_py'
[0.150s] Level 1:colcon.colcon_core.package_identification:_identify(src/lidar_imu_odometry) by extensions ['ignore', 'ignore_ament_install']
[0.150s] Level 1:colcon.colcon_core.package_identification:_identify(src/lidar_imu_odometry) by extension 'ignore'
[0.150s] Level 1:colcon.colcon_core.package_identification:_identify(src/lidar_imu_odometry) by extension 'ignore_ament_install'
[0.150s] Level 1:colcon.colcon_core.package_identification:_identify(src/lidar_imu_odometry) by extensions ['colcon_pkg']
[0.151s] Level 1:colcon.colcon_core.package_identification:_identify(src/lidar_imu_odometry) by extension 'colcon_pkg'
[0.151s] Level 1:colcon.colcon_core.package_identification:_identify(src/lidar_imu_odometry) by extensions ['colcon_meta']
[0.151s] Level 1:colcon.colcon_core.package_identification:_identify(src/lidar_imu_odometry) by extension 'colcon_meta'
[0.151s] Level 1:colcon.colcon_core.package_identification:_identify(src/lidar_imu_odometry) by extensions ['ros']
[0.151s] Level 1:colcon.colcon_core.package_identification:_identify(src/lidar_imu_odometry) by extension 'ros'
[0.154s] DEBUG:colcon.colcon_core.package_identification:Package 'src/lidar_imu_odometry' with type 'ros.ament_cmake' and name 'lidar_imu_odometry'
[0.154s] Level 1:colcon.colcon_core.package_discovery:discover_packages(recursive) using defaults
[0.154s] Level 1:colcon.colcon_core.package_discovery:discover_packages(ignore) discover
[0.155s] Level 1:colcon.colcon_core.package_discovery:discover_packages(ignore) using defaults
[0.155s] Level 1:colcon.colcon_core.package_discovery:discover_packages(path) discover
[0.155s] Level 1:colcon.colcon_core.package_discovery:discover_packages(path) using defaults
[0.167s] Level 1:colcon.colcon_core.package_discovery:discover_packages(prefix_path) check parameters
[0.167s] Level 1:colcon.colcon_core.package_discovery:discover_packages(prefix_path) discover
[0.167s] Level 1:colcon.colcon_core.package_discovery:discover_packages(prefix_path) using defaults
[0.168s] Level 5:colcon.colcon_core.verb:set package 'lidar_imu_odometry' build argument 'cmake_args' from command line to 'None'
[0.168s] Level 5:colcon.colcon_core.verb:set package 'lidar_imu_odometry' build argument 'cmake_target' from command line to 'None'
[0.168s] Level 5:colcon.colcon_core.verb:set package 'lidar_imu_odometry' build argument 'cmake_target_skip_unavailable' from command line to 'False'
[0.168s] Level 5:colcon.colcon_core.verb:set package 'lidar_imu_odometry' build argument 'cmake_clean_cache' from command line to 'False'
[0.168s] Level 5:colcon.colcon_core.verb:set package 'lidar_imu_odometry' build argument 'cmake_clean_first' from command line to 'False'
[0.168s] Level 5:colcon.colcon_core.verb:set package 'lidar_imu_odometry' build argument 'cmake_force_configure' from command line to 'False'
[0.168s] Level 5:colcon.colcon_core.verb:set package 'lidar_imu_odometry' build argument 'ament_cmake_args' from command line to 'None'
[0.169s] Level 5:colcon.colcon_core.verb:set package 'lidar_imu_odometry' build argument 'catkin_cmake_args' from command line to 'None'
[0.169s] Level 5:colcon.colcon_core.verb:set package 'lidar_imu_odometry' build argument 'catkin_skip_building_tests' from command line to 'False'
[0.169s] DEBUG:colcon.colcon_core.verb:Building package 'lidar_imu_odometry' with the following arguments: {'ament_cmake_args': None, 'build_base': '/root/ros2_ws/build/lidar_imu_odometry', 'catkin_cmake_args': None, 'catkin_skip_building_tests': False, 'cmake_args': None, 'cmake_clean_cache': False, 'cmake_clean_first': False, 'cmake_force_configure': False, 'cmake_target': None, 'cmake_target_skip_unavailable': False, 'install_base': '/root/ros2_ws/install/lidar_imu_odometry', 'merge_install': False, 'path': '/root/ros2_ws/src/lidar_imu_odometry', 'symlink_install': True, 'test_result_base': None}
[0.169s] INFO:colcon.colcon_core.executor:Executing jobs using 'parallel' executor
[0.169s] DEBUG:colcon.colcon_parallel_executor.executor.parallel:run_until_complete
[0.170s] INFO:colcon.colcon_ros.task.ament_cmake.build:Building ROS package in '/root/ros2_ws/src/lidar_imu_odometry' with build type 'ament_cmake'
[0.170s] INFO:colcon.colcon_cmake.task.cmake.build:Building CMake package in '/root/ros2_ws/src/lidar_imu_odometry'
[0.171s] INFO:colcon.colcon_core.plugin_system:Skipping extension 'colcon_core.shell.bat': Not used on non-Windows systems
[0.171s] INFO:colcon.colcon_core.shell:Skip shell extension 'powershell' for command environment: Not usable outside of PowerShell
[0.171s] DEBUG:colcon.colcon_core.shell:Skip shell extension 'dsv' for command environment
[0.183s] DEBUG:colcon.colcon_core.event_handler.log_command:Invoking command in '/root/ros2_ws/build/lidar_imu_odometry': /usr/bin/cmake --build /root/ros2_ws/build/lidar_imu_odometry -- -j10 -l10
[22.084s] DEBUG:colcon.colcon_core.event_handler.log_command:Invoked command in '/root/ros2_ws/build/lidar_imu_odometry' returned '0': /usr/bin/cmake --build /root/ros2_ws/build/lidar_imu_odometry -- -j10 -l10
[22.105s] DEBUG:colcon.colcon_core.event_handler.log_command:Invoking command in '/root/ros2_ws/build/lidar_imu_odometry': /usr/bin/cmake --install /root/ros2_ws/build/lidar_imu_odometry
[22.131s] Level 1:colcon.colcon_core.environment:create_environment_scripts_only(lidar_imu_odometry)
[22.139s] DEBUG:colcon.colcon_core.event_handler.log_command:Invoked command in '/root/ros2_ws/build/lidar_imu_odometry' returned '0': /usr/bin/cmake --install /root/ros2_ws/build/lidar_imu_odometry
[22.140s] Level 1:colcon.colcon_core.environment:checking '/root/ros2_ws/install/lidar_imu_odometry' for CMake module files
[22.144s] Level 1:colcon.colcon_core.environment:checking '/root/ros2_ws/install/lidar_imu_odometry' for CMake config files
[22.146s] Level 1:colcon.colcon_core.shell:create_environment_hook('lidar_imu_odometry', 'cmake_prefix_path')
[22.147s] INFO:colcon.colcon_core.shell:Creating environment hook '/root/ros2_ws/install/lidar_imu_odometry/share/lidar_imu_odometry/hook/cmake_prefix_path.ps1'
[22.150s] INFO:colcon.colcon_core.shell:Creating environment descriptor '/root/ros2_ws/install/lidar_imu_odometry/share/lidar_imu_odometry/hook/cmake_prefix_path.dsv'
[22.151s] INFO:colcon.colcon_core.shell:Creating environment hook '/root/ros2_ws/install/lidar_imu_odometry/share/lidar_imu_odometry/hook/cmake_prefix_path.sh'
[22.154s] Level 1:colcon.colcon_core.environment:checking '/root/ros2_ws/install/lidar_imu_odometry/lib'
[22.154s] Level 1:colcon.colcon_core.environment:checking '/root/ros2_ws/install/lidar_imu_odometry/bin'
[22.155s] Level 1:colcon.colcon_core.environment:checking '/root/ros2_ws/install/lidar_imu_odometry/lib/pkgconfig/lidar_imu_odometry.pc'
[22.156s] Level 1:colcon.colcon_core.environment:checking '/root/ros2_ws/install/lidar_imu_odometry/lib/python3.10/site-packages'
[22.156s] Level 1:colcon.colcon_core.environment:checking '/root/ros2_ws/install/lidar_imu_odometry/bin'
[22.157s] INFO:colcon.colcon_core.shell:Creating package script '/root/ros2_ws/install/lidar_imu_odometry/share/lidar_imu_odometry/package.ps1'
[22.157s] INFO:colcon.colcon_core.shell:Creating package descriptor '/root/ros2_ws/install/lidar_imu_odometry/share/lidar_imu_odometry/package.dsv'
[22.158s] INFO:colcon.colcon_core.shell:Creating package script '/root/ros2_ws/install/lidar_imu_odometry/share/lidar_imu_odometry/package.sh'
[22.159s] INFO:colcon.colcon_core.shell:Creating package script '/root/ros2_ws/install/lidar_imu_odometry/share/lidar_imu_odometry/package.bash'
[22.160s] INFO:colcon.colcon_core.shell:Creating package script '/root/ros2_ws/install/lidar_imu_odometry/share/lidar_imu_odometry/package.zsh'
[22.161s] Level 1:colcon.colcon_core.environment:create_file_with_runtime_dependencies(/root/ros2_ws/install/lidar_imu_odometry/share/colcon-core/packages/lidar_imu_odometry)
[22.162s] Level 1:colcon.colcon_core.environment:create_environment_scripts_only(lidar_imu_odometry)
[22.162s] Level 1:colcon.colcon_core.environment:checking '/root/ros2_ws/install/lidar_imu_odometry' for CMake module files
[22.164s] Level 1:colcon.colcon_core.environment:checking '/root/ros2_ws/install/lidar_imu_odometry' for CMake config files
[22.165s] Level 1:colcon.colcon_core.shell:create_environment_hook('lidar_imu_odometry', 'cmake_prefix_path')
[22.165s] INFO:colcon.colcon_core.shell:Creating environment hook '/root/ros2_ws/install/lidar_imu_odometry/share/lidar_imu_odometry/hook/cmake_prefix_path.ps1'
[22.165s] INFO:colcon.colcon_core.shell:Creating environment descriptor '/root/ros2_ws/install/lidar_imu_odometry/share/lidar_imu_odometry/hook/cmake_prefix_path.dsv'
[22.166s] INFO:colcon.colcon_core.shell:Creating environment hook '/root/ros2_ws/install/lidar_imu_odometry/share/lidar_imu_odometry/hook/cmake_prefix_path.sh'
[22.167s] Level 1:colcon.colcon_core.environment:checking '/root/ros2_ws/install/lidar_imu_odometry/lib'
[22.167s] Level 1:colcon.colcon_core.environment:checking '/root/ros2_ws/install/lidar_imu_odometry/bin'
[22.167s] Level 1:colcon.colcon_core.environment:checking '/root/ros2_ws/install/lidar_imu_odometry/lib/pkgconfig/lidar_imu_odometry.pc'
[22.167s] Level 1:colcon.colcon_core.environment:checking '/root/ros2_ws/install/lidar_imu_odometry/lib/python3.10/site-packages'
[22.167s] Level 1:colcon.colcon_core.environment:checking '/root/ros2_ws/install/lidar_imu_odometry/bin'
[22.168s] INFO:colcon.colcon_core.shell:Creating package script '/root/ros2_ws/install/lidar_imu_odometry/share/lidar_imu_odometry/package.ps1'
[22.185s] INFO:colcon.colcon_core.shell:Creating package descriptor '/root/ros2_ws/install/lidar_imu_odometry/share/lidar_imu_odometry/package.dsv'
[22.185s] INFO:colcon.colcon_core.shell:Creating package script '/root/ros2_ws/install/lidar_imu_odometry/share/lidar_imu_odometry/package.sh'
[22.186s] INFO:colcon.colcon_core.shell:Creating package script '/root/ros2_ws/install/lidar_imu_odometry/share/lidar_imu_odometry/package.bash'
[22.187s] INFO:colcon.colcon_core.shell:Creating package script '/root/ros2_ws/install/lidar_imu_odometry/share/lidar_imu_odometry/package.zsh'
[22.187s] Level 1:colcon.colcon_core.environment:create_file_with_runtime_dependencies(/root/ros2_ws/install/lidar_imu_odometry/share/colcon-core/packages/lidar_imu_odometry)
[22.188s] DEBUG:colcon.colcon_parallel_executor.executor.parallel:closing loop
[22.188s] DEBUG:colcon.colcon_parallel_executor.executor.parallel:loop closed
[22.188s] DEBUG:colcon.colcon_parallel_executor.executor.parallel:run_until_complete finished with '0'
[22.188s] DEBUG:colcon.colcon_core.event_reactor:joining thread
[22.197s] INFO:colcon.colcon_core.plugin_system:Skipping extension 'colcon_notification.desktop_notification.terminal_notifier': Not used on non-Darwin systems
[22.197s] INFO:colcon.colcon_core.plugin_system:Skipping extension 'colcon_notification.desktop_notification.win32': Not used on non-Windows systems
[22.198s] INFO:colcon.colcon_notification.desktop_notification:Sending desktop notification using 'notify2'
[22.209s] DEBUG:colcon.colcon_notification.desktop_notification.notify2:Failed to initialize notify2: org.freedesktop.DBus.Error.Spawn.ExecFailed: /usr/bin/dbus-launch terminated abnormally with the following error: Autolaunch error: X11 initialization failed.

[22.209s] DEBUG:colcon.colcon_core.event_reactor:joined thread
[22.210s] INFO:colcon.colcon_core.shell:Creating prefix script '/root/ros2_ws/install/local_setup.ps1'
[22.211s] INFO:colcon.colcon_core.shell:Creating prefix util module '/root/ros2_ws/install/_local_setup_util_ps1.py'
[22.213s] INFO:colcon.colcon_core.shell:Creating prefix chain script '/root/ros2_ws/install/setup.ps1'
[22.214s] INFO:colcon.colcon_core.shell:Creating prefix script '/root/ros2_ws/install/local_setup.sh'
[22.215s] INFO:colcon.colcon_core.shell:Creating prefix util module '/root/ros2_ws/install/_local_setup_util_sh.py'
[22.216s] INFO:colcon.colcon_core.shell:Creating prefix chain script '/root/ros2_ws/install/setup.sh'
[22.217s] INFO:colcon.colcon_core.shell:Creating prefix script '/root/ros2_ws/install/local_setup.bash'
[22.218s] INFO:colcon.colcon_core.shell:Creating prefix chain script '/root/ros2_ws/install/setup.bash'
[22.219s] INFO:colcon.colcon_core.shell:Creating prefix script '/root/ros2_ws/install/local_setup.zsh'
[22.219s] INFO:colcon.colcon_core.shell:Creating prefix chain script '/root/ros2_ws/install/setup.zsh'
