[0.094s] DEBUG:colcon:Command line arguments: ['/usr/bin/colcon', 'build', '--symlink-install', '--packages-select', 'lidar_imu_odometry']
[0.094s] DEBUG:colcon:Parsed command line arguments: Namespace(log_base=None, log_level=None, verb_name='build', build_base='build', install_base='install', merge_install=False, symlink_install=True, test_result_base=None, continue_on_error=False, executor='parallel', parallel_workers=10, event_handlers=None, ignore_user_meta=False, metas=['./colcon.meta'], base_paths=['.'], packages_ignore=None, packages_ignore_regex=None, paths=None, packages_up_to=None, packages_up_to_regex=None, packages_above=None, packages_above_and_dependencies=None, packages_above_depth=None, packages_select_by_dep=None, packages_skip_by_dep=None, packages_skip_up_to=None, packages_select_build_failed=False, packages_skip_build_finished=False, packages_select_test_failures=False, packages_skip_test_passed=False, packages_select=['lidar_imu_odometry'], packages_skip=None, packages_select_regex=None, packages_skip_regex=None, packages_start=None, packages_end=None, allow_overriding=[], cmake_args=None, cmake_target=None, cmake_target_skip_unavailable=False, cmake_clean_cache=False, cmake_clean_first=False, cmake_force_configure=False, ament_cmake_args=None, catkin_cmake_args=None, catkin_skip_building_tests=False, verb_parser=<colcon_defaults.argument_parser.defaults.DefaultArgumentsDecorator object at 0xffffb1781ab0>, verb_extension=<colcon_core.verb.build.BuildVerb object at 0xffffb1926f20>, main=<bound method BuildVerb.main of <colcon_core.verb.build.BuildVerb object at 0xffffb1926f20>>)
[0.220s] Level 1:colcon.colcon_core.package_discovery:discover_packages(colcon_meta) check parameters
[0.220s] Level 1:colcon.colcon_core.package_discovery:discover_packages(recursive) check parameters
[0.220s] Level 1:colcon.colcon_core.package_discovery:discover_packages(ignore) check parameters
[0.220s] Level 1:colcon.colcon_core.package_discovery:discover_packages(path) check parameters
[0.220s] Level 1:colcon.colcon_core.package_discovery:discover_packages(colcon_meta) discover
[0.221s] Level 1:colcon.colcon_core.package_discovery:discover_packages(recursive) discover
[0.221s] INFO:colcon.colcon_core.package_discovery:Crawling recursively for packages in '/root/ros2_ws'
[0.221s] Level 1:colcon.colcon_core.package_identification:_identify(.) by extensions ['ignore', 'ignore_ament_install']
[0.221s] Level 1:colcon.colcon_core.package_identification:_identify(.) by extension 'ignore'
[0.221s] Level 1:colcon.colcon_core.package_identification:_identify(.) by extension 'ignore_ament_install'
[0.222s] Level 1:colcon.colcon_core.package_identification:_identify(.) by extensions ['colcon_pkg']
[0.222s] Level 1:colcon.colcon_core.package_identification:_identify(.) by extension 'colcon_pkg'
[0.222s] Level 1:colcon.colcon_core.package_identification:_identify(.) by extensions ['colcon_meta']
[0.222s] Level 1:colcon.colcon_core.package_identification:_identify(.) by extension 'colcon_meta'
[0.222s] Level 1:colcon.colcon_core.package_identification:_identify(.) by extensions ['ros']
[0.222s] Level 1:colcon.colcon_core.package_identification:_identify(.) by extension 'ros'
[0.244s] Level 1:colcon.colcon_core.package_identification:_identify(.) by extensions ['cmake', 'python']
[0.244s] Level 1:colcon.colcon_core.package_identification:_identify(.) by extension 'cmake'
[0.244s] Level 1:colcon.colcon_core.package_identification:_identify(.) by extension 'python'
[0.244s] Level 1:colcon.colcon_core.package_identification:_identify(.) by extensions ['python_setup_py']
[0.245s] Level 1:colcon.colcon_core.package_identification:_identify(.) by extension 'python_setup_py'
[0.245s] Level 1:colcon.colcon_core.package_identification:_identify(build) by extensions ['ignore', 'ignore_ament_install']
[0.245s] Level 1:colcon.colcon_core.package_identification:_identify(build) by extension 'ignore'
[0.245s] Level 1:colcon.colcon_core.package_identification:_identify(build) ignored
[0.246s] Level 1:colcon.colcon_core.package_identification:_identify(install) by extensions ['ignore', 'ignore_ament_install']
[0.246s] Level 1:colcon.colcon_core.package_identification:_identify(install) by extension 'ignore'
[0.246s] Level 1:colcon.colcon_core.package_identification:_identify(install) ignored
[0.247s] Level 1:colcon.colcon_core.package_identification:_identify(log) by extensions ['ignore', 'ignore_ament_install']
[0.247s] Level 1:colcon.colcon_core.package_identification:_identify(log) by extension 'ignore'
[0.247s] Level 1:colcon.colcon_core.package_identification:_identify(log) ignored
[0.247s] Level 1:colcon.colcon_core.package_identification:_identify(src) by extensions ['ignore', 'ignore_ament_install']
[0.247s] Level 1:colcon.colcon_core.package_identification:_identify(src) by extension 'ignore'
[0.247s] Level 1:colcon.colcon_core.package_identification:_identify(src) by extension 'ignore_ament_install'
[0.247s] Level 1:colcon.colcon_core.package_identification:_identify(src) by extensions ['colcon_pkg']
[0.247s] Level 1:colcon.colcon_core.package_identification:_identify(src) by extension 'colcon_pkg'
[0.248s] Level 1:colcon.colcon_core.package_identification:_identify(src) by extensions ['colcon_meta']
[0.248s] Level 1:colcon.colcon_core.package_identification:_identify(src) by extension 'colcon_meta'
[0.248s] Level 1:colcon.colcon_core.package_identification:_identify(src) by extensions ['ros']
[0.248s] Level 1:colcon.colcon_core.package_identification:_identify(src) by extension 'ros'
[0.248s] Level 1:colcon.colcon_core.package_identification:_identify(src) by extensions ['cmake', 'python']
[0.248s] Level 1:colcon.colcon_core.package_identification:_identify(src) by extension 'cmake'
[0.248s] Level 1:colcon.colcon_core.package_identification:_identify(src) by extension 'python'
[0.248s] Level 1:colcon.colcon_core.package_identification:_identify(src) by extensions ['python_setup_py']
[0.248s] Level 1:colcon.colcon_core.package_identification:_identify(src) by extension 'python_setup_py'
[0.249s] Level 1:colcon.colcon_core.package_identification:_identify(src/lidar_imu_odometry) by extensions ['ignore', 'ignore_ament_install']
[0.249s] Level 1:colcon.colcon_core.package_identification:_identify(src/lidar_imu_odometry) by extension 'ignore'
[0.249s] Level 1:colcon.colcon_core.package_identification:_identify(src/lidar_imu_odometry) by extension 'ignore_ament_install'
[0.250s] Level 1:colcon.colcon_core.package_identification:_identify(src/lidar_imu_odometry) by extensions ['colcon_pkg']
[0.250s] Level 1:colcon.colcon_core.package_identification:_identify(src/lidar_imu_odometry) by extension 'colcon_pkg'
[0.250s] Level 1:colcon.colcon_core.package_identification:_identify(src/lidar_imu_odometry) by extensions ['colcon_meta']
[0.250s] Level 1:colcon.colcon_core.package_identification:_identify(src/lidar_imu_odometry) by extension 'colcon_meta'
[0.250s] Level 1:colcon.colcon_core.package_identification:_identify(src/lidar_imu_odometry) by extensions ['ros']
[0.250s] Level 1:colcon.colcon_core.package_identification:_identify(src/lidar_imu_odometry) by extension 'ros'
[0.255s] DEBUG:colcon.colcon_core.package_identification:Package 'src/lidar_imu_odometry' with type 'ros.ament_cmake' and name 'lidar_imu_odometry'
[0.255s] Level 1:colcon.colcon_core.package_discovery:discover_packages(recursive) using defaults
[0.255s] Level 1:colcon.colcon_core.package_discovery:discover_packages(ignore) discover
[0.255s] Level 1:colcon.colcon_core.package_discovery:discover_packages(ignore) using defaults
[0.255s] Level 1:colcon.colcon_core.package_discovery:discover_packages(path) discover
[0.255s] Level 1:colcon.colcon_core.package_discovery:discover_packages(path) using defaults
[0.271s] Level 1:colcon.colcon_core.package_discovery:discover_packages(prefix_path) check parameters
[0.271s] Level 1:colcon.colcon_core.package_discovery:discover_packages(prefix_path) discover
[0.281s] DEBUG:colcon.colcon_installed_package_information.package_discovery:Found 1 installed packages in /root/ros2_ws/install
[0.282s] DEBUG:colcon.colcon_installed_package_information.package_discovery:Found 200 installed packages in /opt/ros/humble
[0.283s] Level 1:colcon.colcon_core.package_discovery:discover_packages(prefix_path) using defaults
[0.306s] Level 5:colcon.colcon_core.verb:set package 'lidar_imu_odometry' build argument 'cmake_args' from command line to 'None'
[0.306s] Level 5:colcon.colcon_core.verb:set package 'lidar_imu_odometry' build argument 'cmake_target' from command line to 'None'
[0.306s] Level 5:colcon.colcon_core.verb:set package 'lidar_imu_odometry' build argument 'cmake_target_skip_unavailable' from command line to 'False'
[0.306s] Level 5:colcon.colcon_core.verb:set package 'lidar_imu_odometry' build argument 'cmake_clean_cache' from command line to 'False'
[0.307s] Level 5:colcon.colcon_core.verb:set package 'lidar_imu_odometry' build argument 'cmake_clean_first' from command line to 'False'
[0.307s] Level 5:colcon.colcon_core.verb:set package 'lidar_imu_odometry' build argument 'cmake_force_configure' from command line to 'False'
[0.307s] Level 5:colcon.colcon_core.verb:set package 'lidar_imu_odometry' build argument 'ament_cmake_args' from command line to 'None'
[0.307s] Level 5:colcon.colcon_core.verb:set package 'lidar_imu_odometry' build argument 'catkin_cmake_args' from command line to 'None'
[0.307s] Level 5:colcon.colcon_core.verb:set package 'lidar_imu_odometry' build argument 'catkin_skip_building_tests' from command line to 'False'
[0.307s] DEBUG:colcon.colcon_core.verb:Building package 'lidar_imu_odometry' with the following arguments: {'ament_cmake_args': None, 'build_base': '/root/ros2_ws/build/lidar_imu_odometry', 'catkin_cmake_args': None, 'catkin_skip_building_tests': False, 'cmake_args': None, 'cmake_clean_cache': False, 'cmake_clean_first': False, 'cmake_force_configure': False, 'cmake_target': None, 'cmake_target_skip_unavailable': False, 'install_base': '/root/ros2_ws/install/lidar_imu_odometry', 'merge_install': False, 'path': '/root/ros2_ws/src/lidar_imu_odometry', 'symlink_install': True, 'test_result_base': None}
[0.307s] INFO:colcon.colcon_core.executor:Executing jobs using 'parallel' executor
[0.308s] DEBUG:colcon.colcon_parallel_executor.executor.parallel:run_until_complete
[0.308s] INFO:colcon.colcon_ros.task.ament_cmake.build:Building ROS package in '/root/ros2_ws/src/lidar_imu_odometry' with build type 'ament_cmake'
[0.308s] INFO:colcon.colcon_cmake.task.cmake.build:Building CMake package in '/root/ros2_ws/src/lidar_imu_odometry'
[0.309s] INFO:colcon.colcon_core.plugin_system:Skipping extension 'colcon_core.shell.bat': Not used on non-Windows systems
[0.310s] INFO:colcon.colcon_core.shell:Skip shell extension 'powershell' for command environment: Not usable outside of PowerShell
[0.310s] DEBUG:colcon.colcon_core.shell:Skip shell extension 'dsv' for command environment
[0.323s] DEBUG:colcon.colcon_core.event_handler.log_command:Invoking command in '/root/ros2_ws/build/lidar_imu_odometry': CMAKE_PREFIX_PATH=${CMAKE_PREFIX_PATH}:/opt/ros/humble /usr/bin/cmake --build /root/ros2_ws/build/lidar_imu_odometry -- -j10 -l10
[20.511s] DEBUG:colcon.colcon_core.event_handler.log_command:Invoked command in '/root/ros2_ws/build/lidar_imu_odometry' returned '0': CMAKE_PREFIX_PATH=${CMAKE_PREFIX_PATH}:/opt/ros/humble /usr/bin/cmake --build /root/ros2_ws/build/lidar_imu_odometry -- -j10 -l10
[20.526s] DEBUG:colcon.colcon_core.event_handler.log_command:Invoking command in '/root/ros2_ws/build/lidar_imu_odometry': CMAKE_PREFIX_PATH=${CMAKE_PREFIX_PATH}:/opt/ros/humble /usr/bin/cmake --install /root/ros2_ws/build/lidar_imu_odometry
[20.555s] Level 1:colcon.colcon_core.environment:create_environment_scripts_only(lidar_imu_odometry)
[20.559s] DEBUG:colcon.colcon_core.event_handler.log_command:Invoked command in '/root/ros2_ws/build/lidar_imu_odometry' returned '0': CMAKE_PREFIX_PATH=${CMAKE_PREFIX_PATH}:/opt/ros/humble /usr/bin/cmake --install /root/ros2_ws/build/lidar_imu_odometry
[20.560s] Level 1:colcon.colcon_core.environment:checking '/root/ros2_ws/install/lidar_imu_odometry' for CMake module files
[20.563s] Level 1:colcon.colcon_core.environment:checking '/root/ros2_ws/install/lidar_imu_odometry' for CMake config files
[20.564s] Level 1:colcon.colcon_core.shell:create_environment_hook('lidar_imu_odometry', 'cmake_prefix_path')
[20.565s] INFO:colcon.colcon_core.shell:Creating environment hook '/root/ros2_ws/install/lidar_imu_odometry/share/lidar_imu_odometry/hook/cmake_prefix_path.ps1'
[20.566s] INFO:colcon.colcon_core.shell:Creating environment descriptor '/root/ros2_ws/install/lidar_imu_odometry/share/lidar_imu_odometry/hook/cmake_prefix_path.dsv'
[20.567s] INFO:colcon.colcon_core.shell:Creating environment hook '/root/ros2_ws/install/lidar_imu_odometry/share/lidar_imu_odometry/hook/cmake_prefix_path.sh'
[20.569s] Level 1:colcon.colcon_core.environment:checking '/root/ros2_ws/install/lidar_imu_odometry/lib'
[20.569s] Level 1:colcon.colcon_core.environment:checking '/root/ros2_ws/install/lidar_imu_odometry/bin'
[20.569s] Level 1:colcon.colcon_core.environment:checking '/root/ros2_ws/install/lidar_imu_odometry/lib/pkgconfig/lidar_imu_odometry.pc'
[20.570s] Level 1:colcon.colcon_core.environment:checking '/root/ros2_ws/install/lidar_imu_odometry/lib/python3.10/site-packages'
[20.570s] Level 1:colcon.colcon_core.environment:checking '/root/ros2_ws/install/lidar_imu_odometry/bin'
[20.571s] INFO:colcon.colcon_core.shell:Creating package script '/root/ros2_ws/install/lidar_imu_odometry/share/lidar_imu_odometry/package.ps1'
[20.572s] INFO:colcon.colcon_core.shell:Creating package descriptor '/root/ros2_ws/install/lidar_imu_odometry/share/lidar_imu_odometry/package.dsv'
[20.573s] INFO:colcon.colcon_core.shell:Creating package script '/root/ros2_ws/install/lidar_imu_odometry/share/lidar_imu_odometry/package.sh'
[20.574s] INFO:colcon.colcon_core.shell:Creating package script '/root/ros2_ws/install/lidar_imu_odometry/share/lidar_imu_odometry/package.bash'
[20.574s] INFO:colcon.colcon_core.shell:Creating package script '/root/ros2_ws/install/lidar_imu_odometry/share/lidar_imu_odometry/package.zsh'
[20.575s] Level 1:colcon.colcon_core.environment:create_file_with_runtime_dependencies(/root/ros2_ws/install/lidar_imu_odometry/share/colcon-core/packages/lidar_imu_odometry)
[20.577s] Level 1:colcon.colcon_core.environment:create_environment_scripts_only(lidar_imu_odometry)
[20.577s] Level 1:colcon.colcon_core.environment:checking '/root/ros2_ws/install/lidar_imu_odometry' for CMake module files
[20.579s] Level 1:colcon.colcon_core.environment:checking '/root/ros2_ws/install/lidar_imu_odometry' for CMake config files
[20.580s] Level 1:colcon.colcon_core.shell:create_environment_hook('lidar_imu_odometry', 'cmake_prefix_path')
[20.580s] INFO:colcon.colcon_core.shell:Creating environment hook '/root/ros2_ws/install/lidar_imu_odometry/share/lidar_imu_odometry/hook/cmake_prefix_path.ps1'
[20.581s] INFO:colcon.colcon_core.shell:Creating environment descriptor '/root/ros2_ws/install/lidar_imu_odometry/share/lidar_imu_odometry/hook/cmake_prefix_path.dsv'
[20.581s] INFO:colcon.colcon_core.shell:Creating environment hook '/root/ros2_ws/install/lidar_imu_odometry/share/lidar_imu_odometry/hook/cmake_prefix_path.sh'
[20.582s] Level 1:colcon.colcon_core.environment:checking '/root/ros2_ws/install/lidar_imu_odometry/lib'
[20.582s] Level 1:colcon.colcon_core.environment:checking '/root/ros2_ws/install/lidar_imu_odometry/bin'
[20.582s] Level 1:colcon.colcon_core.environment:checking '/root/ros2_ws/install/lidar_imu_odometry/lib/pkgconfig/lidar_imu_odometry.pc'
[20.582s] Level 1:colcon.colcon_core.environment:checking '/root/ros2_ws/install/lidar_imu_odometry/lib/python3.10/site-packages'
[20.583s] Level 1:colcon.colcon_core.environment:checking '/root/ros2_ws/install/lidar_imu_odometry/bin'
[20.583s] INFO:colcon.colcon_core.shell:Creating package script '/root/ros2_ws/install/lidar_imu_odometry/share/lidar_imu_odometry/package.ps1'
[20.584s] INFO:colcon.colcon_core.shell:Creating package descriptor '/root/ros2_ws/install/lidar_imu_odometry/share/lidar_imu_odometry/package.dsv'
[20.584s] INFO:colcon.colcon_core.shell:Creating package script '/root/ros2_ws/install/lidar_imu_odometry/share/lidar_imu_odometry/package.sh'
[20.585s] INFO:colcon.colcon_core.shell:Creating package script '/root/ros2_ws/install/lidar_imu_odometry/share/lidar_imu_odometry/package.bash'
[20.586s] INFO:colcon.colcon_core.shell:Creating package script '/root/ros2_ws/install/lidar_imu_odometry/share/lidar_imu_odometry/package.zsh'
[20.586s] Level 1:colcon.colcon_core.environment:create_file_with_runtime_dependencies(/root/ros2_ws/install/lidar_imu_odometry/share/colcon-core/packages/lidar_imu_odometry)
[20.587s] DEBUG:colcon.colcon_parallel_executor.executor.parallel:closing loop
[20.587s] DEBUG:colcon.colcon_parallel_executor.executor.parallel:loop closed
[20.588s] DEBUG:colcon.colcon_parallel_executor.executor.parallel:run_until_complete finished with '0'
[20.588s] DEBUG:colcon.colcon_core.event_reactor:joining thread
[20.605s] INFO:colcon.colcon_core.plugin_system:Skipping extension 'colcon_notification.desktop_notification.terminal_notifier': Not used on non-Darwin systems
[20.606s] INFO:colcon.colcon_core.plugin_system:Skipping extension 'colcon_notification.desktop_notification.win32': Not used on non-Windows systems
[20.606s] INFO:colcon.colcon_notification.desktop_notification:Sending desktop notification using 'notify2'
[20.615s] DEBUG:colcon.colcon_notification.desktop_notification.notify2:Failed to initialize notify2: org.freedesktop.DBus.Error.Spawn.ExecFailed: /usr/bin/dbus-launch terminated abnormally with the following error: Autolaunch error: X11 initialization failed.

[20.616s] DEBUG:colcon.colcon_core.event_reactor:joined thread
[20.617s] INFO:colcon.colcon_core.shell:Creating prefix script '/root/ros2_ws/install/local_setup.ps1'
[20.618s] INFO:colcon.colcon_core.shell:Creating prefix util module '/root/ros2_ws/install/_local_setup_util_ps1.py'
[20.620s] INFO:colcon.colcon_core.shell:Creating prefix chain script '/root/ros2_ws/install/setup.ps1'
[20.622s] INFO:colcon.colcon_core.shell:Creating prefix script '/root/ros2_ws/install/local_setup.sh'
[20.624s] INFO:colcon.colcon_core.shell:Creating prefix util module '/root/ros2_ws/install/_local_setup_util_sh.py'
[20.625s] INFO:colcon.colcon_core.shell:Creating prefix chain script '/root/ros2_ws/install/setup.sh'
[20.627s] INFO:colcon.colcon_core.shell:Creating prefix script '/root/ros2_ws/install/local_setup.bash'
[20.627s] INFO:colcon.colcon_core.shell:Creating prefix chain script '/root/ros2_ws/install/setup.bash'
[20.629s] INFO:colcon.colcon_core.shell:Creating prefix script '/root/ros2_ws/install/local_setup.zsh'
[20.630s] INFO:colcon.colcon_core.shell:Creating prefix chain script '/root/ros2_ws/install/setup.zsh'
