[0.014s] Invoking command in '/root/ros2_ws/build/lidar_imu_odometry': CMAKE_PREFIX_PATH=/opt/ros/humble /usr/bin/cmake --build /root/ros2_ws/build/lidar_imu_odometry -- -j10 -l10
[0.076s] [35m[1mConsolidate compiler generated dependencies of target odom_node[0m
[0.431s] [ 50%] [32mBuilding CXX object CMakeFiles/odom_node.dir/src/odom_node.cpp.o[0m
[19.121s] [100%] [32m[1mLinking CXX executable odom_node[0m
[20.767s] [100%] Built target odom_node
[20.785s] Invoked command in '/root/ros2_ws/build/lidar_imu_odometry' returned '0': CMAKE_PREFIX_PATH=/opt/ros/humble /usr/bin/cmake --build /root/ros2_ws/build/lidar_imu_odometry -- -j10 -l10
[20.799s] Invoking command in '/root/ros2_ws/build/lidar_imu_odometry': CMAKE_PREFIX_PATH=/opt/ros/humble /usr/bin/cmake --install /root/ros2_ws/build/lidar_imu_odometry
[20.805s] -- Install configuration: ""
[20.807s] -- Execute custom install script
[20.808s] -- Up-to-date symlink: /root/ros2_ws/install/lidar_imu_odometry/share/ament_index/resource_index/package_run_dependencies/lidar_imu_odometry
[20.808s] -- Up-to-date symlink: /root/ros2_ws/install/lidar_imu_odometry/share/ament_index/resource_index/parent_prefix_path/lidar_imu_odometry
[20.809s] -- Up-to-date symlink: /root/ros2_ws/install/lidar_imu_odometry/share/lidar_imu_odometry/environment/ament_prefix_path.sh
[20.810s] -- Up-to-date symlink: /root/ros2_ws/install/lidar_imu_odometry/share/lidar_imu_odometry/environment/ament_prefix_path.dsv
[20.810s] -- Up-to-date symlink: /root/ros2_ws/install/lidar_imu_odometry/share/lidar_imu_odometry/environment/path.sh
[20.811s] -- Up-to-date symlink: /root/ros2_ws/install/lidar_imu_odometry/share/lidar_imu_odometry/environment/path.dsv
[20.811s] -- Up-to-date symlink: /root/ros2_ws/install/lidar_imu_odometry/share/lidar_imu_odometry/local_setup.bash
[20.812s] -- Up-to-date symlink: /root/ros2_ws/install/lidar_imu_odometry/share/lidar_imu_odometry/local_setup.sh
[20.812s] -- Up-to-date symlink: /root/ros2_ws/install/lidar_imu_odometry/share/lidar_imu_odometry/local_setup.zsh
[20.813s] -- Up-to-date symlink: /root/ros2_ws/install/lidar_imu_odometry/share/lidar_imu_odometry/local_setup.dsv
[20.814s] -- Symlinking: /root/ros2_ws/install/lidar_imu_odometry/share/lidar_imu_odometry/package.dsv
[20.822s] -- Up-to-date symlink: /root/ros2_ws/install/lidar_imu_odometry/share/ament_index/resource_index/packages/lidar_imu_odometry
[20.823s] -- Up-to-date symlink: /root/ros2_ws/install/lidar_imu_odometry/share/lidar_imu_odometry/cmake/lidar_imu_odometryConfig.cmake
[20.823s] -- Up-to-date symlink: /root/ros2_ws/install/lidar_imu_odometry/share/lidar_imu_odometry/cmake/lidar_imu_odometryConfig-version.cmake
[20.824s] -- Up-to-date symlink: /root/ros2_ws/install/lidar_imu_odometry/share/lidar_imu_odometry/package.xml
[20.825s] -- Up-to-date symlink: /root/ros2_ws/install/lidar_imu_odometry/lib/lidar_imu_odometry/odom_node
[20.828s] Invoked command in '/root/ros2_ws/build/lidar_imu_odometry' returned '0': CMAKE_PREFIX_PATH=/opt/ros/humble /usr/bin/cmake --install /root/ros2_ws/build/lidar_imu_odometry
